sdk/mesdk3.10/libraryModule/build/intermediates/manifest_merge_blame_file/release/manifest-merger-blame-release-report.txt
1<?xml version="1.0" encoding="utf-8"?>
2<manifest xmlns:android="http://schemas.android.com/apk/res/android"
3    package="com.newland.mesdk.libraryModule" >
4
5    <uses-sdk
6        android:minSdkVersion="21"
6-->mesdk3.10\libraryModule\AndroidManifest.xml
7        android:targetSdkVersion="22" />
7-->mesdk3.10\libraryModule\AndroidManifest.xml
8
9</manifest>